{
  error: TokenExpiredError: jwt expired
      at C:\Users\manidinnu\Desktop\manideep_fp08_111\unit-5\sprint-4\evaluation\ip application\node_modules\jsonwebtoken\verify.js:190:21
      at getSecret (C:\Users\manidinnu\Desktop\manideep_fp08_111\unit-5\sprint-4\evaluation\ip application\node_modules\jsonwebtoken\verify.js:97:14)
      at module.exports [as verify] (C:\Users\manidinnu\Desktop\manideep_fp08_111\unit-5\sprint-4\evaluation\ip application\node_modules\jsonwebtoken\verify.js:101:10)
      at C:\Users\manidinnu\Desktop\manideep_fp08_111\unit-5\sprint-4\evaluation\ip application\index.js:36:9
      at process.processTicksAndRejections (node:internal/process/task_queues:95:5) {
    expiredAt: 2023-05-02T11:15:53.000Z
  },
  level: 'error',
  message: 'jwt expired'
}
{
  error: TokenExpiredError: jwt expired
      at C:\Users\manidinnu\Desktop\manideep_fp08_111\unit-5\sprint-4\evaluation\ip application\node_modules\jsonwebtoken\verify.js:190:21
      at getSecret (C:\Users\manidinnu\Desktop\manideep_fp08_111\unit-5\sprint-4\evaluation\ip application\node_modules\jsonwebtoken\verify.js:97:14)
      at module.exports [as verify] (C:\Users\manidinnu\Desktop\manideep_fp08_111\unit-5\sprint-4\evaluation\ip application\node_modules\jsonwebtoken\verify.js:101:10)
      at C:\Users\manidinnu\Desktop\manideep_fp08_111\unit-5\sprint-4\evaluation\ip application\index.js:36:9
      at process.processTicksAndRejections (node:internal/process/task_queues:95:5) {
    expiredAt: 2023-05-02T11:17:18.000Z
  },
  level: 'error',
  message: 'jwt expired'
}
